DEBUG - 2026-05-09 04:59:51 --> Session: Class initialized using 'CodeIgniter\Session\Handlers\FileHandler' driver.
DEBUG - 2026-05-09 05:50:10 --> Session: Class initialized using 'CodeIgniter\Session\Handlers\FileHandler' driver.
DEBUG - 2026-05-09 05:50:12 --> Session: Class initialized using 'CodeIgniter\Session\Handlers\FileHandler' driver.
DEBUG - 2026-05-09 05:52:46 --> Session: Class initialized using 'CodeIgniter\Session\Handlers\FileHandler' driver.
DEBUG - 2026-05-09 05:52:47 --> Session: Class initialized using 'CodeIgniter\Session\Handlers\FileHandler' driver.
DEBUG - 2026-05-09 05:53:23 --> Session: Class initialized using 'CodeIgniter\Session\Handlers\FileHandler' driver.
DEBUG - 2026-05-09 05:53:24 --> Session: Class initialized using 'CodeIgniter\Session\Handlers\FileHandler' driver.
DEBUG - 2026-05-09 05:53:25 --> Session: Class initialized using 'CodeIgniter\Session\Handlers\FileHandler' driver.
CRITICAL - 2026-05-09 05:53:25 --> CodeIgniter\View\Exceptions\ViewException: Invalid file: "/admin/insert.php"
[Method: GET, Route: admin/insert]
in SYSTEMPATH/Exceptions/FrameworkException.php on line 39.
 1 SYSTEMPATH/View/View.php(228): CodeIgniter\Exceptions\FrameworkException::forInvalidFile()
 2 SYSTEMPATH/Common.php(1250): CodeIgniter\View\View->render()
 3 APPPATH/Controllers/Admin.php(21): view()
 4 SYSTEMPATH/CodeIgniter.php(951): App\Controllers\Admin->insertredirect()
 5 SYSTEMPATH/CodeIgniter.php(497): CodeIgniter\CodeIgniter->runController()
 6 SYSTEMPATH/CodeIgniter.php(340): CodeIgniter\CodeIgniter->handleRequest()
 7 SYSTEMPATH/Boot.php(417): CodeIgniter\CodeIgniter->run()
 8 SYSTEMPATH/Boot.php(68): CodeIgniter\Boot::runCodeIgniter()
 9 FCPATH/index.php(59): CodeIgniter\Boot::bootWeb()
10 SYSTEMPATH/rewrite.php(44): require_once('/var/www/html/codeigniter/alimentation/public/index.php')
DEBUG - 2026-05-09 05:54:35 --> Session: Class initialized using 'CodeIgniter\Session\Handlers\FileHandler' driver.
DEBUG - 2026-05-09 05:54:36 --> Session: Class initialized using 'CodeIgniter\Session\Handlers\FileHandler' driver.
DEBUG - 2026-05-09 05:54:37 --> Session: Class initialized using 'CodeIgniter\Session\Handlers\FileHandler' driver.
CRITICAL - 2026-05-09 05:54:37 --> CodeIgniter\View\Exceptions\ViewException: Invalid file: "/Admin/insert.php"
[Method: GET, Route: admin/insert]
in SYSTEMPATH/Exceptions/FrameworkException.php on line 39.
 1 SYSTEMPATH/View/View.php(228): CodeIgniter\Exceptions\FrameworkException::forInvalidFile()
 2 SYSTEMPATH/Common.php(1250): CodeIgniter\View\View->render()
 3 APPPATH/Controllers/Admin.php(21): view()
 4 SYSTEMPATH/CodeIgniter.php(951): App\Controllers\Admin->insertredirect()
 5 SYSTEMPATH/CodeIgniter.php(497): CodeIgniter\CodeIgniter->runController()
 6 SYSTEMPATH/CodeIgniter.php(340): CodeIgniter\CodeIgniter->handleRequest()
 7 SYSTEMPATH/Boot.php(417): CodeIgniter\CodeIgniter->run()
 8 SYSTEMPATH/Boot.php(68): CodeIgniter\Boot::runCodeIgniter()
 9 FCPATH/index.php(59): CodeIgniter\Boot::bootWeb()
10 SYSTEMPATH/rewrite.php(44): require_once('/var/www/html/codeigniter/alimentation/public/index.php')
DEBUG - 2026-05-09 05:55:11 --> Session: Class initialized using 'CodeIgniter\Session\Handlers\FileHandler' driver.
DEBUG - 2026-05-09 05:55:13 --> Session: Class initialized using 'CodeIgniter\Session\Handlers\FileHandler' driver.
DEBUG - 2026-05-09 05:55:14 --> Session: Class initialized using 'CodeIgniter\Session\Handlers\FileHandler' driver.
CRITICAL - 2026-05-09 05:55:14 --> CodeIgniter\View\Exceptions\ViewException: Invalid file: "Admin/insert.php"
[Method: GET, Route: admin/insert]
in SYSTEMPATH/Exceptions/FrameworkException.php on line 39.
 1 SYSTEMPATH/View/View.php(228): CodeIgniter\Exceptions\FrameworkException::forInvalidFile()
 2 SYSTEMPATH/Common.php(1250): CodeIgniter\View\View->render()
 3 APPPATH/Controllers/Admin.php(21): view()
 4 SYSTEMPATH/CodeIgniter.php(951): App\Controllers\Admin->insertredirect()
 5 SYSTEMPATH/CodeIgniter.php(497): CodeIgniter\CodeIgniter->runController()
 6 SYSTEMPATH/CodeIgniter.php(340): CodeIgniter\CodeIgniter->handleRequest()
 7 SYSTEMPATH/Boot.php(417): CodeIgniter\CodeIgniter->run()
 8 SYSTEMPATH/Boot.php(68): CodeIgniter\Boot::runCodeIgniter()
 9 FCPATH/index.php(59): CodeIgniter\Boot::bootWeb()
10 SYSTEMPATH/rewrite.php(44): require_once('/var/www/html/codeigniter/alimentation/public/index.php')
DEBUG - 2026-05-09 05:56:16 --> Session: Class initialized using 'CodeIgniter\Session\Handlers\FileHandler' driver.
DEBUG - 2026-05-09 05:56:18 --> Session: Class initialized using 'CodeIgniter\Session\Handlers\FileHandler' driver.
DEBUG - 2026-05-09 05:56:19 --> Session: Class initialized using 'CodeIgniter\Session\Handlers\FileHandler' driver.
CRITICAL - 2026-05-09 05:56:32 --> CodeIgniter\Security\Exceptions\SecurityException: The action you requested is not allowed.
[Method: POST, Route: admin/put]
in SYSTEMPATH/Security/Security.php on line 258.
 1 SYSTEMPATH/Security/Security.php(258): CodeIgniter\Security\Exceptions\SecurityException::forDisallowedAction()
 2 SYSTEMPATH/Filters/CSRF.php(52): CodeIgniter\Security\Security->verify()
 3 SYSTEMPATH/Filters/Filters.php(241): CodeIgniter\Filters\CSRF->before()
 4 SYSTEMPATH/Filters/Filters.php(221): CodeIgniter\Filters\Filters->runBefore()
 5 SYSTEMPATH/CodeIgniter.php(465): CodeIgniter\Filters\Filters->run()
 6 SYSTEMPATH/CodeIgniter.php(340): CodeIgniter\CodeIgniter->handleRequest()
 7 SYSTEMPATH/Boot.php(417): CodeIgniter\CodeIgniter->run()
 8 SYSTEMPATH/Boot.php(68): CodeIgniter\Boot::runCodeIgniter()
 9 FCPATH/index.php(59): CodeIgniter\Boot::bootWeb()
10 SYSTEMPATH/rewrite.php(44): require_once('/var/www/html/codeigniter/alimentation/public/index.php')
DEBUG - 2026-05-09 06:04:42 --> Session: Class initialized using 'CodeIgniter\Session\Handlers\FileHandler' driver.
DEBUG - 2026-05-09 06:04:44 --> Session: Class initialized using 'CodeIgniter\Session\Handlers\FileHandler' driver.
DEBUG - 2026-05-09 06:04:46 --> Session: Class initialized using 'CodeIgniter\Session\Handlers\FileHandler' driver.
INFO - 2026-05-09 06:04:54 --> CSRF token verified.
DEBUG - 2026-05-09 06:04:54 --> Session: Class initialized using 'CodeIgniter\Session\Handlers\FileHandler' driver.
ERROR - 2026-05-09 06:04:55 --> Table 'alimentation.admins' doesn't exist
in SYSTEMPATH/Database/MySQLi/Connection.php on line 300.
 1 SYSTEMPATH/Database/MySQLi/Connection.php(300): mysqli->query()
 2 SYSTEMPATH/Database/BaseConnection.php(910): CodeIgniter\Database\MySQLi\Connection->execute()
 3 SYSTEMPATH/Database/BaseConnection.php(827): CodeIgniter\Database\BaseConnection->simpleQuery()
 4 SYSTEMPATH/Database/BaseBuilder.php(2345): CodeIgniter\Database\BaseConnection->query()
 5 SYSTEMPATH/Model.php(355): CodeIgniter\Database\BaseBuilder->insert()
 6 SYSTEMPATH/BaseModel.php(899): CodeIgniter\Model->doInsert()
 7 SYSTEMPATH/Model.php(668): CodeIgniter\BaseModel->insert()
 8 SYSTEMPATH/BaseModel.php(752): CodeIgniter\Model->insert()
 9 APPPATH/Models/AdminModel.php(22): CodeIgniter\BaseModel->save()
10 APPPATH/Controllers/Admin.php(33): App\Models\AdminModel->put()
11 SYSTEMPATH/CodeIgniter.php(951): App\Controllers\Admin->put()
12 SYSTEMPATH/CodeIgniter.php(497): CodeIgniter\CodeIgniter->runController()
13 SYSTEMPATH/CodeIgniter.php(340): CodeIgniter\CodeIgniter->handleRequest()
14 SYSTEMPATH/Boot.php(417): CodeIgniter\CodeIgniter->run()
15 SYSTEMPATH/Boot.php(68): CodeIgniter\Boot::runCodeIgniter()
16 FCPATH/index.php(59): CodeIgniter\Boot::bootWeb()
17 SYSTEMPATH/rewrite.php(44): require_once('/var/www/html/codeigniter/alimentation/public/index.php')
CRITICAL - 2026-05-09 06:04:55 --> CodeIgniter\Database\Exceptions\DatabaseException: Table 'alimentation.admins' doesn't exist
[Method: POST, Route: admin/put]
in SYSTEMPATH/Database/BaseConnection.php on line 865.
 1 SYSTEMPATH/Database/BaseBuilder.php(2345): CodeIgniter\Database\BaseConnection->query()
 2 SYSTEMPATH/Model.php(355): CodeIgniter\Database\BaseBuilder->insert()
 3 SYSTEMPATH/BaseModel.php(899): CodeIgniter\Model->doInsert()
 4 SYSTEMPATH/Model.php(668): CodeIgniter\BaseModel->insert()
 5 SYSTEMPATH/BaseModel.php(752): CodeIgniter\Model->insert()
 6 APPPATH/Models/AdminModel.php(22): CodeIgniter\BaseModel->save()
 7 APPPATH/Controllers/Admin.php(33): App\Models\AdminModel->put()
 8 SYSTEMPATH/CodeIgniter.php(951): App\Controllers\Admin->put()
 9 SYSTEMPATH/CodeIgniter.php(497): CodeIgniter\CodeIgniter->runController()
10 SYSTEMPATH/CodeIgniter.php(340): CodeIgniter\CodeIgniter->handleRequest()
11 SYSTEMPATH/Boot.php(417): CodeIgniter\CodeIgniter->run()
12 SYSTEMPATH/Boot.php(68): CodeIgniter\Boot::runCodeIgniter()
13 FCPATH/index.php(59): CodeIgniter\Boot::bootWeb()
14 SYSTEMPATH/rewrite.php(44): require_once('/var/www/html/codeigniter/alimentation/public/index.php')
CRITICAL - 2026-05-09 06:04:55 --> [Caused by] CodeIgniter\Database\Exceptions\DatabaseException: Table 'alimentation.admins' doesn't exist
in SYSTEMPATH/Database/MySQLi/Connection.php on line 310.
 1 SYSTEMPATH/Database/BaseConnection.php(910): CodeIgniter\Database\MySQLi\Connection->execute()
 2 SYSTEMPATH/Database/BaseConnection.php(827): CodeIgniter\Database\BaseConnection->simpleQuery()
 3 SYSTEMPATH/Database/BaseBuilder.php(2345): CodeIgniter\Database\BaseConnection->query()
 4 SYSTEMPATH/Model.php(355): CodeIgniter\Database\BaseBuilder->insert()
 5 SYSTEMPATH/BaseModel.php(899): CodeIgniter\Model->doInsert()
 6 SYSTEMPATH/Model.php(668): CodeIgniter\BaseModel->insert()
 7 SYSTEMPATH/BaseModel.php(752): CodeIgniter\Model->insert()
 8 APPPATH/Models/AdminModel.php(22): CodeIgniter\BaseModel->save()
 9 APPPATH/Controllers/Admin.php(33): App\Models\AdminModel->put()
10 SYSTEMPATH/CodeIgniter.php(951): App\Controllers\Admin->put()
11 SYSTEMPATH/CodeIgniter.php(497): CodeIgniter\CodeIgniter->runController()
12 SYSTEMPATH/CodeIgniter.php(340): CodeIgniter\CodeIgniter->handleRequest()
13 SYSTEMPATH/Boot.php(417): CodeIgniter\CodeIgniter->run()
14 SYSTEMPATH/Boot.php(68): CodeIgniter\Boot::runCodeIgniter()
15 FCPATH/index.php(59): CodeIgniter\Boot::bootWeb()
16 SYSTEMPATH/rewrite.php(44): require_once('/var/www/html/codeigniter/alimentation/public/index.php')
CRITICAL - 2026-05-09 06:04:55 --> [Caused by] mysqli_sql_exception: Table 'alimentation.admins' doesn't exist
in SYSTEMPATH/Database/MySQLi/Connection.php on line 300.
 1 SYSTEMPATH/Database/MySQLi/Connection.php(300): mysqli->query()
 2 SYSTEMPATH/Database/BaseConnection.php(910): CodeIgniter\Database\MySQLi\Connection->execute()
 3 SYSTEMPATH/Database/BaseConnection.php(827): CodeIgniter\Database\BaseConnection->simpleQuery()
 4 SYSTEMPATH/Database/BaseBuilder.php(2345): CodeIgniter\Database\BaseConnection->query()
 5 SYSTEMPATH/Model.php(355): CodeIgniter\Database\BaseBuilder->insert()
 6 SYSTEMPATH/BaseModel.php(899): CodeIgniter\Model->doInsert()
 7 SYSTEMPATH/Model.php(668): CodeIgniter\BaseModel->insert()
 8 SYSTEMPATH/BaseModel.php(752): CodeIgniter\Model->insert()
 9 APPPATH/Models/AdminModel.php(22): CodeIgniter\BaseModel->save()
10 APPPATH/Controllers/Admin.php(33): App\Models\AdminModel->put()
11 SYSTEMPATH/CodeIgniter.php(951): App\Controllers\Admin->put()
12 SYSTEMPATH/CodeIgniter.php(497): CodeIgniter\CodeIgniter->runController()
13 SYSTEMPATH/CodeIgniter.php(340): CodeIgniter\CodeIgniter->handleRequest()
14 SYSTEMPATH/Boot.php(417): CodeIgniter\CodeIgniter->run()
15 SYSTEMPATH/Boot.php(68): CodeIgniter\Boot::runCodeIgniter()
16 FCPATH/index.php(59): CodeIgniter\Boot::bootWeb()
17 SYSTEMPATH/rewrite.php(44): require_once('/var/www/html/codeigniter/alimentation/public/index.php')
DEBUG - 2026-05-09 06:05:24 --> Session: Class initialized using 'CodeIgniter\Session\Handlers\FileHandler' driver.
DEBUG - 2026-05-09 06:05:26 --> Session: Class initialized using 'CodeIgniter\Session\Handlers\FileHandler' driver.
DEBUG - 2026-05-09 06:05:28 --> Session: Class initialized using 'CodeIgniter\Session\Handlers\FileHandler' driver.
INFO - 2026-05-09 06:05:35 --> CSRF token verified.
DEBUG - 2026-05-09 06:05:35 --> Session: Class initialized using 'CodeIgniter\Session\Handlers\FileHandler' driver.
INFO - 2026-05-09 06:10:42 --> CSRF token verified.
DEBUG - 2026-05-09 06:10:42 --> Session: Class initialized using 'CodeIgniter\Session\Handlers\FileHandler' driver.
CRITICAL - 2026-05-09 06:10:42 --> CodeIgniter\Exceptions\BadMethodCallException: Call to undefined method App\Models\AdminModel::loginAdmin
[Method: POST, Route: admin/login]
in SYSTEMPATH/Model.php on line 761.
 1 APPPATH/Controllers/Admin.php(48): CodeIgniter\Model->__call()
 2 SYSTEMPATH/CodeIgniter.php(951): App\Controllers\Admin->loginAdmin()
 3 SYSTEMPATH/CodeIgniter.php(497): CodeIgniter\CodeIgniter->runController()
 4 SYSTEMPATH/CodeIgniter.php(340): CodeIgniter\CodeIgniter->handleRequest()
 5 SYSTEMPATH/Boot.php(417): CodeIgniter\CodeIgniter->run()
 6 SYSTEMPATH/Boot.php(68): CodeIgniter\Boot::runCodeIgniter()
 7 FCPATH/index.php(59): CodeIgniter\Boot::bootWeb()
 8 SYSTEMPATH/rewrite.php(44): require_once('/var/www/html/codeigniter/alimentation/public/index.php')
INFO - 2026-05-09 06:14:15 --> CSRF token verified.
DEBUG - 2026-05-09 06:14:15 --> Session: Class initialized using 'CodeIgniter\Session\Handlers\FileHandler' driver.
